mode: set
github.com/hubblenetwork/hubcli/internal/crypto/aesctr.go:21.67,22.60 1 1
github.com/hubblenetwork/hubcli/internal/crypto/aesctr.go:22.60,24.3 1 1
github.com/hubblenetwork/hubcli/internal/crypto/aesctr.go:26.2,26.29 1 1
github.com/hubblenetwork/hubcli/internal/crypto/aesctr.go:26.29,28.3 1 1
github.com/hubblenetwork/hubcli/internal/crypto/aesctr.go:30.2,31.16 2 1
github.com/hubblenetwork/hubcli/internal/crypto/aesctr.go:31.16,33.3 1 0
github.com/hubblenetwork/hubcli/internal/crypto/aesctr.go:36.2,45.23 6 1
github.com/hubblenetwork/hubcli/internal/crypto/aesctr.go:50.66,52.2 1 1
github.com/hubblenetwork/hubcli/internal/crypto/cmac.go:18.55,19.38 1 1
github.com/hubblenetwork/hubcli/internal/crypto/cmac.go:19.38,21.3 1 1
github.com/hubblenetwork/hubcli/internal/crypto/cmac.go:23.2,24.16 2 1
github.com/hubblenetwork/hubcli/internal/crypto/cmac.go:24.16,26.3 1 0
github.com/hubblenetwork/hubcli/internal/crypto/cmac.go:28.2,29.16 2 1
github.com/hubblenetwork/hubcli/internal/crypto/cmac.go:29.16,31.3 1 0
github.com/hubblenetwork/hubcli/internal/crypto/cmac.go:33.2,37.35 3 1
github.com/hubblenetwork/hubcli/internal/crypto/cmac.go:42.65,43.37 1 1
github.com/hubblenetwork/hubcli/internal/crypto/cmac.go:43.37,45.3 1 1
github.com/hubblenetwork/hubcli/internal/crypto/cmac.go:47.2,48.16 2 1
github.com/hubblenetwork/hubcli/internal/crypto/cmac.go:48.16,50.3 1 0
github.com/hubblenetwork/hubcli/internal/crypto/cmac.go:52.2,52.71 1 1
github.com/hubblenetwork/hubcli/internal/crypto/cmac.go:57.56,58.38 1 1
github.com/hubblenetwork/hubcli/internal/crypto/cmac.go:58.38,60.3 1 0
github.com/hubblenetwork/hubcli/internal/crypto/cmac.go:62.2,63.16 2 1
github.com/hubblenetwork/hubcli/internal/crypto/cmac.go:63.16,65.3 1 0
github.com/hubblenetwork/hubcli/internal/crypto/cmac.go:67.2,68.16 2 1
github.com/hubblenetwork/hubcli/internal/crypto/cmac.go:68.16,70.3 1 0
github.com/hubblenetwork/hubcli/internal/crypto/cmac.go:72.2,73.26 2 1
github.com/hubblenetwork/hubcli/internal/crypto/decrypt.go:56.57,57.34 1 1
github.com/hubblenetwork/hubcli/internal/crypto/decrypt.go:57.34,59.3 1 1
github.com/hubblenetwork/hubcli/internal/crypto/decrypt.go:62.2,71.34 6 1
github.com/hubblenetwork/hubcli/internal/crypto/decrypt.go:71.34,74.3 2 1
github.com/hubblenetwork/hubcli/internal/crypto/decrypt.go:76.2,81.8 1 1
github.com/hubblenetwork/hubcli/internal/crypto/decrypt.go:106.47,107.33 1 1
github.com/hubblenetwork/hubcli/internal/crypto/decrypt.go:107.33,109.3 1 1
github.com/hubblenetwork/hubcli/internal/crypto/decrypt.go:113.50,114.33 1 1
github.com/hubblenetwork/hubcli/internal/crypto/decrypt.go:114.33,116.3 1 1
github.com/hubblenetwork/hubcli/internal/crypto/decrypt.go:120.40,122.2 1 1
github.com/hubblenetwork/hubcli/internal/crypto/decrypt.go:125.46,127.2 1 1
github.com/hubblenetwork/hubcli/internal/crypto/decrypt.go:131.104,132.60 1 1
github.com/hubblenetwork/hubcli/internal/crypto/decrypt.go:132.60,134.3 1 1
github.com/hubblenetwork/hubcli/internal/crypto/decrypt.go:137.2,141.27 2 1
github.com/hubblenetwork/hubcli/internal/crypto/decrypt.go:141.27,143.3 1 1
github.com/hubblenetwork/hubcli/internal/crypto/decrypt.go:145.2,145.35 1 1
github.com/hubblenetwork/hubcli/internal/crypto/decrypt.go:145.35,147.3 1 0
github.com/hubblenetwork/hubcli/internal/crypto/decrypt.go:150.2,151.16 2 1
github.com/hubblenetwork/hubcli/internal/crypto/decrypt.go:151.16,153.3 1 1
github.com/hubblenetwork/hubcli/internal/crypto/decrypt.go:156.2,161.47 4 1
github.com/hubblenetwork/hubcli/internal/crypto/decrypt.go:161.47,163.17 2 1
github.com/hubblenetwork/hubcli/internal/crypto/decrypt.go:163.17,165.4 1 1
github.com/hubblenetwork/hubcli/internal/crypto/decrypt.go:169.2,169.33 1 0
github.com/hubblenetwork/hubcli/internal/crypto/decrypt.go:173.95,182.16 4 1
github.com/hubblenetwork/hubcli/internal/crypto/decrypt.go:182.16,184.3 1 0
github.com/hubblenetwork/hubcli/internal/crypto/decrypt.go:187.2,188.16 2 1
github.com/hubblenetwork/hubcli/internal/crypto/decrypt.go:188.16,190.3 1 0
github.com/hubblenetwork/hubcli/internal/crypto/decrypt.go:193.2,194.16 2 1
github.com/hubblenetwork/hubcli/internal/crypto/decrypt.go:194.16,196.3 1 0
github.com/hubblenetwork/hubcli/internal/crypto/decrypt.go:197.2,197.12 1 1
github.com/hubblenetwork/hubcli/internal/crypto/decrypt.go:197.12,199.3 1 1
github.com/hubblenetwork/hubcli/internal/crypto/decrypt.go:200.2,204.16 3 1
github.com/hubblenetwork/hubcli/internal/crypto/decrypt.go:204.16,206.3 1 0
github.com/hubblenetwork/hubcli/internal/crypto/decrypt.go:208.2,209.16 2 1
github.com/hubblenetwork/hubcli/internal/crypto/decrypt.go:209.16,211.3 1 0
github.com/hubblenetwork/hubcli/internal/crypto/decrypt.go:213.2,217.8 1 1
github.com/hubblenetwork/hubcli/internal/crypto/decrypt.go:222.117,223.60 1 1
github.com/hubblenetwork/hubcli/internal/crypto/decrypt.go:223.60,225.3 1 1
github.com/hubblenetwork/hubcli/internal/crypto/decrypt.go:227.2,228.16 2 0
github.com/hubblenetwork/hubcli/internal/crypto/decrypt.go:228.16,230.3 1 0
github.com/hubblenetwork/hubcli/internal/crypto/decrypt.go:232.2,232.45 1 0
github.com/hubblenetwork/hubcli/internal/crypto/decrypt.go:237.104,238.60 1 1
github.com/hubblenetwork/hubcli/internal/crypto/decrypt.go:238.60,240.3 1 1
github.com/hubblenetwork/hubcli/internal/crypto/decrypt.go:242.2,246.27 2 0
github.com/hubblenetwork/hubcli/internal/crypto/decrypt.go:246.27,248.3 1 0
github.com/hubblenetwork/hubcli/internal/crypto/decrypt.go:250.2,250.35 1 0
github.com/hubblenetwork/hubcli/internal/crypto/decrypt.go:250.35,252.3 1 0
github.com/hubblenetwork/hubcli/internal/crypto/decrypt.go:254.2,255.16 2 0
github.com/hubblenetwork/hubcli/internal/crypto/decrypt.go:255.16,257.3 1 0
github.com/hubblenetwork/hubcli/internal/crypto/decrypt.go:259.2,263.47 4 0
github.com/hubblenetwork/hubcli/internal/crypto/decrypt.go:263.47,267.17 3 0
github.com/hubblenetwork/hubcli/internal/crypto/decrypt.go:267.17,268.12 1 0
github.com/hubblenetwork/hubcli/internal/crypto/decrypt.go:271.3,273.26 3 0
github.com/hubblenetwork/hubcli/internal/crypto/decrypt.go:273.26,275.4 1 0
github.com/hubblenetwork/hubcli/internal/crypto/decrypt.go:278.2,278.31 1 0
github.com/hubblenetwork/hubcli/internal/crypto/kdf.go:23.91,24.38 1 1
github.com/hubblenetwork/hubcli/internal/crypto/kdf.go:24.38,26.3 1 1
github.com/hubblenetwork/hubcli/internal/crypto/kdf.go:28.2,29.16 2 1
github.com/hubblenetwork/hubcli/internal/crypto/kdf.go:29.16,31.3 1 0
github.com/hubblenetwork/hubcli/internal/crypto/kdf.go:33.2,34.16 2 1
github.com/hubblenetwork/hubcli/internal/crypto/kdf.go:34.16,36.3 1 0
github.com/hubblenetwork/hubcli/internal/crypto/kdf.go:38.2,56.34 13 1
github.com/hubblenetwork/hubcli/internal/crypto/kdf.go:56.34,65.3 5 1
github.com/hubblenetwork/hubcli/internal/crypto/kdf.go:68.2,68.32 1 1
github.com/hubblenetwork/hubcli/internal/crypto/kdf.go:73.95,76.2 2 1
github.com/hubblenetwork/hubcli/internal/crypto/kdf.go:79.75,81.2 1 1
github.com/hubblenetwork/hubcli/internal/crypto/kdf.go:84.70,86.2 1 1
github.com/hubblenetwork/hubcli/internal/crypto/kdf.go:89.92,91.2 1 1
github.com/hubblenetwork/hubcli/internal/crypto/kdf.go:94.85,96.2 1 1
github.com/hubblenetwork/hubcli/internal/crypto/kdf.go:99.92,101.16 2 1
github.com/hubblenetwork/hubcli/internal/crypto/kdf.go:101.16,103.3 1 0
github.com/hubblenetwork/hubcli/internal/crypto/kdf.go:105.2,105.42 1 1
github.com/hubblenetwork/hubcli/internal/crypto/kdf.go:109.100,111.16 2 1
github.com/hubblenetwork/hubcli/internal/crypto/kdf.go:111.16,113.3 1 0
github.com/hubblenetwork/hubcli/internal/crypto/kdf.go:115.2,115.57 1 1
